{"timestamp":"2022-09-10T21:05:28.585340Z","level":"INFO","message":"START: decrypt kvstore","spans":[{"name":"main"}]}
{"timestamp":"2022-09-10T21:05:29.011416Z","level":"INFO","message":"DONE: decrypt kvstore","spans":[{"name":"main"}]}
{"timestamp":"2022-09-10T21:05:29.011482Z","level":"INFO","message":"kv_manager found existing db [./network/data/.tofnd/kvstore/kv]","spans":[{"name":"main"}]}
{"timestamp":"2022-09-10T21:05:29.011663Z","level":"INFO","message":"tofnd listen addr 0.0.0.0:50051, use ctrl+c to shutdown","spans":[{"name":"main"}]}
{"timestamp":"2022-09-10T21:06:47.229314Z","level":"DEBUG","message":"[dummyID] key presence check for multisig always return Present"}
{"timestamp":"2022-09-10T21:06:47.229380Z","level":"INFO","message":"Key presence check completed succesfully"}
{"timestamp":"2022-09-10T21:08:08.765669Z","level":"DEBUG","message":"[dummyID] key presence check for multisig always return Present"}
{"timestamp":"2022-09-10T21:08:08.765740Z","level":"INFO","message":"Key presence check completed succesfully"}
{"timestamp":"2022-09-10T21:09:30.570895Z","level":"DEBUG","message":"[dummyID] key presence check for multisig always return Present"}
{"timestamp":"2022-09-10T21:09:30.570938Z","level":"INFO","message":"Key presence check completed succesfully"}
{"timestamp":"2022-09-10T21:10:52.654318Z","level":"DEBUG","message":"[dummyID] key presence check for multisig always return Present"}
{"timestamp":"2022-09-10T21:10:52.654417Z","level":"INFO","message":"Key presence check completed succesfully"}
{"timestamp":"2022-09-10T21:12:14.749738Z","level":"DEBUG","message":"[dummyID] key presence check for multisig always return Present"}
{"timestamp":"2022-09-10T21:12:14.749802Z","level":"INFO","message":"Key presence check completed succesfully"}
{"timestamp":"2022-09-10T21:13:36.189596Z","level":"DEBUG","message":"[dummyID] key presence check for multisig always return Present"}
{"timestamp":"2022-09-10T21:13:36.189710Z","level":"INFO","message":"Key presence check completed succesfully"}
{"timestamp":"2022-09-10T21:14:58.679642Z","level":"DEBUG","message":"[dummyID] key presence check for multisig always return Present"}
{"timestamp":"2022-09-10T21:14:58.679698Z","level":"INFO","message":"Key presence check completed succesfully"}
{"timestamp":"2022-09-10T21:17:16.328287Z","level":"DEBUG","message":"[dummyID] key presence check for multisig always return Present"}
{"timestamp":"2022-09-10T21:17:16.362115Z","level":"INFO","message":"Key presence check completed succesfully"}
{"timestamp":"2022-09-10T21:18:43.959284Z","level":"DEBUG","message":"[dummyID] key presence check for multisig always return Present"}
{"timestamp":"2022-09-10T21:18:43.959335Z","level":"INFO","message":"Key presence check completed succesfully"}
{"timestamp":"2022-09-10T21:20:07.970204Z","level":"DEBUG","message":"[dummyID] key presence check for multisig always return Present"}
{"timestamp":"2022-09-10T21:20:07.970453Z","level":"INFO","message":"Key presence check completed succesfully"}
{"timestamp":"2022-09-10T21:21:33.568871Z","level":"DEBUG","message":"[dummyID] key presence check for multisig always return Present"}
{"timestamp":"2022-09-10T21:21:33.568940Z","level":"INFO","message":"Key presence check completed succesfully"}
{"timestamp":"2022-09-10T21:23:02.776372Z","level":"DEBUG","message":"[dummyID] key presence check for multisig always return Present"}
{"timestamp":"2022-09-10T21:23:02.776496Z","level":"INFO","message":"Key presence check completed succesfully"}
{"timestamp":"2022-09-10T21:24:25.338581Z","level":"DEBUG","message":"[dummyID] key presence check for multisig always return Present"}
{"timestamp":"2022-09-10T21:24:25.338640Z","level":"INFO","message":"Key presence check completed succesfully"}
{"timestamp":"2022-09-10T21:25:50.154699Z","level":"DEBUG","message":"[dummyID] key presence check for multisig always return Present"}
{"timestamp":"2022-09-10T21:25:50.154787Z","level":"INFO","message":"Key presence check completed succesfully"}
{"timestamp":"2022-09-10T21:27:12.699228Z","level":"DEBUG","message":"[dummyID] key presence check for multisig always return Present"}
{"timestamp":"2022-09-10T21:27:12.699272Z","level":"INFO","message":"Key presence check completed succesfully"}
{"timestamp":"2022-09-10T21:29:02.678555Z","level":"DEBUG","message":"[dummyID] key presence check for multisig always return Present"}
{"timestamp":"2022-09-10T21:29:02.678816Z","level":"INFO","message":"Key presence check completed succesfully"}
{"timestamp":"2022-09-10T21:30:25.128547Z","level":"DEBUG","message":"[dummyID] key presence check for multisig always return Present"}
{"timestamp":"2022-09-10T21:30:25.128597Z","level":"INFO","message":"Key presence check completed succesfully"}
{"timestamp":"2022-09-10T21:31:47.899653Z","level":"DEBUG","message":"[dummyID] key presence check for multisig always return Present"}
{"timestamp":"2022-09-10T21:31:47.899757Z","level":"INFO","message":"Key presence check completed succesfully"}
{"timestamp":"2022-09-10T21:33:10.911466Z","level":"DEBUG","message":"[dummyID] key presence check for multisig always return Present"}
{"timestamp":"2022-09-10T21:33:10.911582Z","level":"INFO","message":"Key presence check completed succesfully"}
{"timestamp":"2022-09-10T21:34:32.331251Z","level":"DEBUG","message":"[dummyID] key presence check for multisig always return Present"}
{"timestamp":"2022-09-10T21:34:32.331331Z","level":"INFO","message":"Key presence check completed succesfully"}
{"timestamp":"2022-09-10T21:35:53.989938Z","level":"DEBUG","message":"[dummyID] key presence check for multisig always return Present"}
{"timestamp":"2022-09-10T21:35:53.990020Z","level":"INFO","message":"Key presence check completed succesfully"}
{"timestamp":"2022-09-10T21:37:17.841685Z","level":"DEBUG","message":"[dummyID] key presence check for multisig always return Present"}
{"timestamp":"2022-09-10T21:37:17.841761Z","level":"INFO","message":"Key presence check completed succesfully"}
{"timestamp":"2022-09-10T21:38:38.866084Z","level":"DEBUG","message":"[dummyID] key presence check for multisig always return Present"}
{"timestamp":"2022-09-10T21:38:38.866126Z","level":"INFO","message":"Key presence check completed succesfully"}
{"timestamp":"2022-09-10T21:40:10.865087Z","level":"DEBUG","message":"[dummyID] key presence check for multisig always return Present"}
{"timestamp":"2022-09-10T21:40:10.865157Z","level":"INFO","message":"Key presence check completed succesfully"}
{"timestamp":"2022-09-10T21:41:32.509052Z","level":"DEBUG","message":"[dummyID] key presence check for multisig always return Present"}
{"timestamp":"2022-09-10T21:41:32.509177Z","level":"INFO","message":"Key presence check completed succesfully"}
{"timestamp":"2022-09-10T21:42:54.093711Z","level":"DEBUG","message":"[dummyID] key presence check for multisig always return Present"}
{"timestamp":"2022-09-10T21:42:54.093872Z","level":"INFO","message":"Key presence check completed succesfully"}
{"timestamp":"2022-09-10T21:44:15.915949Z","level":"DEBUG","message":"[dummyID] key presence check for multisig always return Present"}
{"timestamp":"2022-09-10T21:44:15.915990Z","level":"INFO","message":"Key presence check completed succesfully"}
{"timestamp":"2022-09-10T21:45:38.604058Z","level":"DEBUG","message":"[dummyID] key presence check for multisig always return Present"}
{"timestamp":"2022-09-10T21:45:38.604110Z","level":"INFO","message":"Key presence check completed succesfully"}
{"timestamp":"2022-09-10T21:47:08.864044Z","level":"DEBUG","message":"[dummyID] key presence check for multisig always return Present"}
{"timestamp":"2022-09-10T21:47:08.864095Z","level":"INFO","message":"Key presence check completed succesfully"}
{"timestamp":"2022-09-10T21:48:35.363576Z","level":"DEBUG","message":"[dummyID] key presence check for multisig always return Present"}
{"timestamp":"2022-09-10T21:48:35.363699Z","level":"INFO","message":"Key presence check completed succesfully"}
{"timestamp":"2022-09-10T21:49:58.869306Z","level":"DEBUG","message":"[dummyID] key presence check for multisig always return Present"}
{"timestamp":"2022-09-10T21:49:58.869383Z","level":"INFO","message":"Key presence check completed succesfully"}
{"timestamp":"2022-09-10T21:51:22.831121Z","level":"DEBUG","message":"[dummyID] key presence check for multisig always return Present"}
{"timestamp":"2022-09-10T21:51:22.831247Z","level":"INFO","message":"Key presence check completed succesfully"}
{"timestamp":"2022-09-10T21:52:46.050857Z","level":"DEBUG","message":"[dummyID] key presence check for multisig always return Present"}
{"timestamp":"2022-09-10T21:52:46.050989Z","level":"INFO","message":"Key presence check completed succesfully"}
{"timestamp":"2022-09-10T21:54:08.840932Z","level":"DEBUG","message":"[dummyID] key presence check for multisig always return Present"}
{"timestamp":"2022-09-10T21:54:08.840988Z","level":"INFO","message":"Key presence check completed succesfully"}
{"timestamp":"2022-09-10T21:55:30.719482Z","level":"DEBUG","message":"[dummyID] key presence check for multisig always return Present"}
{"timestamp":"2022-09-10T21:55:30.719549Z","level":"INFO","message":"Key presence check completed succesfully"}
{"timestamp":"2022-09-10T21:56:52.546521Z","level":"DEBUG","message":"[dummyID] key presence check for multisig always return Present"}
{"timestamp":"2022-09-10T21:56:52.546591Z","level":"INFO","message":"Key presence check completed succesfully"}
{"timestamp":"2022-09-10T21:58:15.454238Z","level":"DEBUG","message":"[dummyID] key presence check for multisig always return Present"}
{"timestamp":"2022-09-10T21:58:15.454341Z","level":"INFO","message":"Key presence check completed succesfully"}
{"timestamp":"2022-09-10T21:59:36.947233Z","level":"DEBUG","message":"[dummyID] key presence check for multisig always return Present"}
{"timestamp":"2022-09-10T21:59:36.947289Z","level":"INFO","message":"Key presence check completed succesfully"}
{"timestamp":"2022-09-10T22:01:00.542250Z","level":"DEBUG","message":"[dummyID] key presence check for multisig always return Present"}
{"timestamp":"2022-09-10T22:01:00.542336Z","level":"INFO","message":"Key presence check completed succesfully"}
{"timestamp":"2022-09-10T22:02:22.760484Z","level":"DEBUG","message":"[dummyID] key presence check for multisig always return Present"}
{"timestamp":"2022-09-10T22:02:22.760537Z","level":"INFO","message":"Key presence check completed succesfully"}
{"timestamp":"2022-09-10T22:03:45.204772Z","level":"DEBUG","message":"[dummyID] key presence check for multisig always return Present"}
{"timestamp":"2022-09-10T22:03:45.204847Z","level":"INFO","message":"Key presence check completed succesfully"}
{"timestamp":"2022-09-10T22:05:06.750804Z","level":"DEBUG","message":"[dummyID] key presence check for multisig always return Present"}
{"timestamp":"2022-09-10T22:05:06.750926Z","level":"INFO","message":"Key presence check completed succesfully"}
{"timestamp":"2022-09-10T22:06:28.359301Z","level":"DEBUG","message":"[dummyID] key presence check for multisig always return Present"}
{"timestamp":"2022-09-10T22:06:28.359339Z","level":"INFO","message":"Key presence check completed succesfully"}
{"timestamp":"2022-09-10T22:07:50.281905Z","level":"DEBUG","message":"[dummyID] key presence check for multisig always return Present"}
{"timestamp":"2022-09-10T22:07:50.282051Z","level":"INFO","message":"Key presence check completed succesfully"}
{"timestamp":"2022-09-10T22:09:12.017523Z","level":"DEBUG","message":"[dummyID] key presence check for multisig always return Present"}
{"timestamp":"2022-09-10T22:09:12.017687Z","level":"INFO","message":"Key presence check completed succesfully"}
{"timestamp":"2022-09-10T22:10:33.905945Z","level":"DEBUG","message":"[dummyID] key presence check for multisig always return Present"}
{"timestamp":"2022-09-10T22:10:33.906006Z","level":"INFO","message":"Key presence check completed succesfully"}
{"timestamp":"2022-09-10T22:11:55.589195Z","level":"DEBUG","message":"[dummyID] key presence check for multisig always return Present"}
{"timestamp":"2022-09-10T22:11:55.589261Z","level":"INFO","message":"Key presence check completed succesfully"}
{"timestamp":"2022-09-10T22:13:17.404139Z","level":"DEBUG","message":"[dummyID] key presence check for multisig always return Present"}
{"timestamp":"2022-09-10T22:13:17.404190Z","level":"INFO","message":"Key presence check completed succesfully"}
{"timestamp":"2022-09-10T22:15:10.733688Z","level":"DEBUG","message":"[dummyID] key presence check for multisig always return Present"}
{"timestamp":"2022-09-10T22:15:10.733736Z","level":"INFO","message":"Key presence check completed succesfully"}
{"timestamp":"2022-09-10T22:16:32.861158Z","level":"DEBUG","message":"[dummyID] key presence check for multisig always return Present"}
{"timestamp":"2022-09-10T22:16:32.861229Z","level":"INFO","message":"Key presence check completed succesfully"}
{"timestamp":"2022-09-10T22:17:54.459257Z","level":"DEBUG","message":"[dummyID] key presence check for multisig always return Present"}
{"timestamp":"2022-09-10T22:17:54.459341Z","level":"INFO","message":"Key presence check completed succesfully"}
{"timestamp":"2022-09-10T22:19:16.115430Z","level":"DEBUG","message":"[dummyID] key presence check for multisig always return Present"}
{"timestamp":"2022-09-10T22:19:16.115555Z","level":"INFO","message":"Key presence check completed succesfully"}
{"timestamp":"2022-09-10T22:20:39.235369Z","level":"DEBUG","message":"[dummyID] key presence check for multisig always return Present"}
{"timestamp":"2022-09-10T22:20:39.235486Z","level":"INFO","message":"Key presence check completed succesfully"}
{"timestamp":"2022-09-10T22:22:01.782787Z","level":"DEBUG","message":"[dummyID] key presence check for multisig always return Present"}
{"timestamp":"2022-09-10T22:22:01.782872Z","level":"INFO","message":"Key presence check completed succesfully"}
{"timestamp":"2022-09-10T22:23:24.671490Z","level":"DEBUG","message":"[dummyID] key presence check for multisig always return Present"}
{"timestamp":"2022-09-10T22:23:24.671548Z","level":"INFO","message":"Key presence check completed succesfully"}
{"timestamp":"2022-09-10T22:24:46.482452Z","level":"DEBUG","message":"[dummyID] key presence check for multisig always return Present"}
{"timestamp":"2022-09-10T22:24:46.482539Z","level":"INFO","message":"Key presence check completed succesfully"}
{"timestamp":"2022-09-10T22:26:08.807146Z","level":"DEBUG","message":"[dummyID] key presence check for multisig always return Present"}
{"timestamp":"2022-09-10T22:26:08.807189Z","level":"INFO","message":"Key presence check completed succesfully"}
{"timestamp":"2022-09-10T22:27:33.369921Z","level":"DEBUG","message":"[dummyID] key presence check for multisig always return Present"}
{"timestamp":"2022-09-10T22:27:33.370021Z","level":"INFO","message":"Key presence check completed succesfully"}
{"timestamp":"2022-09-10T22:28:58.164712Z","level":"DEBUG","message":"[dummyID] key presence check for multisig always return Present"}
{"timestamp":"2022-09-10T22:28:58.164791Z","level":"INFO","message":"Key presence check completed succesfully"}
{"timestamp":"2022-09-10T22:30:22.667227Z","level":"DEBUG","message":"[dummyID] key presence check for multisig always return Present"}
{"timestamp":"2022-09-10T22:30:22.667312Z","level":"INFO","message":"Key presence check completed succesfully"}
{"timestamp":"2022-09-10T22:31:46.867091Z","level":"DEBUG","message":"[dummyID] key presence check for multisig always return Present"}
{"timestamp":"2022-09-10T22:31:46.867240Z","level":"INFO","message":"Key presence check completed succesfully"}
{"timestamp":"2022-09-10T22:33:09.394118Z","level":"DEBUG","message":"[dummyID] key presence check for multisig always return Present"}
{"timestamp":"2022-09-10T22:33:09.394218Z","level":"INFO","message":"Key presence check completed succesfully"}
{"timestamp":"2022-09-10T22:34:31.635706Z","level":"DEBUG","message":"[dummyID] key presence check for multisig always return Present"}
{"timestamp":"2022-09-10T22:34:31.635760Z","level":"INFO","message":"Key presence check completed succesfully"}
{"timestamp":"2022-09-10T22:35:53.211282Z","level":"DEBUG","message":"[dummyID] key presence check for multisig always return Present"}
{"timestamp":"2022-09-10T22:35:53.211383Z","level":"INFO","message":"Key presence check completed succesfully"}
{"timestamp":"2022-09-10T22:37:18.362977Z","level":"DEBUG","message":"[dummyID] key presence check for multisig always return Present"}
{"timestamp":"2022-09-10T22:37:18.363032Z","level":"INFO","message":"Key presence check completed succesfully"}
{"timestamp":"2022-09-10T22:38:49.993555Z","level":"DEBUG","message":"[dummyID] key presence check for multisig always return Present"}
{"timestamp":"2022-09-10T22:38:49.993610Z","level":"INFO","message":"Key presence check completed succesfully"}
{"timestamp":"2022-09-10T22:40:16.516116Z","level":"DEBUG","message":"[dummyID] key presence check for multisig always return Present"}
{"timestamp":"2022-09-10T22:40:16.516185Z","level":"INFO","message":"Key presence check completed succesfully"}
{"timestamp":"2022-09-10T22:41:51.536774Z","level":"DEBUG","message":"[dummyID] key presence check for multisig always return Present"}
{"timestamp":"2022-09-10T22:41:51.536840Z","level":"INFO","message":"Key presence check completed succesfully"}
{"timestamp":"2022-09-10T22:43:17.277237Z","level":"DEBUG","message":"[dummyID] key presence check for multisig always return Present"}
{"timestamp":"2022-09-10T22:43:17.277284Z","level":"INFO","message":"Key presence check completed succesfully"}
{"timestamp":"2022-09-10T22:44:40.143389Z","level":"DEBUG","message":"[dummyID] key presence check for multisig always return Present"}
{"timestamp":"2022-09-10T22:44:40.143441Z","level":"INFO","message":"Key presence check completed succesfully"}
{"timestamp":"2022-09-10T22:46:03.158035Z","level":"DEBUG","message":"[dummyID] key presence check for multisig always return Present"}
{"timestamp":"2022-09-10T22:46:03.158146Z","level":"INFO","message":"Key presence check completed succesfully"}
{"timestamp":"2022-09-10T22:47:26.441959Z","level":"DEBUG","message":"[dummyID] key presence check for multisig always return Present"}
{"timestamp":"2022-09-10T22:47:26.442010Z","level":"INFO","message":"Key presence check completed succesfully"}
{"timestamp":"2022-09-10T22:48:49.641388Z","level":"DEBUG","message":"[dummyID] key presence check for multisig always return Present"}
{"timestamp":"2022-09-10T22:48:49.641440Z","level":"INFO","message":"Key presence check completed succesfully"}
{"timestamp":"2022-09-10T22:50:11.771047Z","level":"DEBUG","message":"[dummyID] key presence check for multisig always return Present"}
{"timestamp":"2022-09-10T22:50:11.771169Z","level":"INFO","message":"Key presence check completed succesfully"}
{"timestamp":"2022-09-10T22:51:34.960913Z","level":"DEBUG","message":"[dummyID] key presence check for multisig always return Present"}
{"timestamp":"2022-09-10T22:51:34.960996Z","level":"INFO","message":"Key presence check completed succesfully"}
{"timestamp":"2022-09-10T22:53:03.883254Z","level":"DEBUG","message":"[dummyID] key presence check for multisig always return Present"}
{"timestamp":"2022-09-10T22:53:03.883380Z","level":"INFO","message":"Key presence check completed succesfully"}
{"timestamp":"2022-09-10T22:54:28.233263Z","level":"DEBUG","message":"[dummyID] key presence check for multisig always return Present"}
{"timestamp":"2022-09-10T22:54:28.233329Z","level":"INFO","message":"Key presence check completed succesfully"}
{"timestamp":"2022-09-10T22:55:51.642349Z","level":"DEBUG","message":"[dummyID] key presence check for multisig always return Present"}
{"timestamp":"2022-09-10T22:55:51.642417Z","level":"INFO","message":"Key presence check completed succesfully"}
{"timestamp":"2022-09-10T22:57:13.969360Z","level":"DEBUG","message":"[dummyID] key presence check for multisig always return Present"}
{"timestamp":"2022-09-10T22:57:13.969434Z","level":"INFO","message":"Key presence check completed succesfully"}
{"timestamp":"2022-09-10T22:58:39.077638Z","level":"DEBUG","message":"[dummyID] key presence check for multisig always return Present"}
{"timestamp":"2022-09-10T22:58:39.077732Z","level":"INFO","message":"Key presence check completed succesfully"}
{"timestamp":"2022-09-10T23:00:10.551339Z","level":"DEBUG","message":"[dummyID] key presence check for multisig always return Present"}
{"timestamp":"2022-09-10T23:00:10.551423Z","level":"INFO","message":"Key presence check completed succesfully"}
{"timestamp":"2022-09-10T23:01:34.807378Z","level":"DEBUG","message":"[dummyID] key presence check for multisig always return Present"}
{"timestamp":"2022-09-10T23:01:34.807453Z","level":"INFO","message":"Key presence check completed succesfully"}
{"timestamp":"2022-09-10T23:03:05.651048Z","level":"DEBUG","message":"[dummyID] key presence check for multisig always return Present"}
{"timestamp":"2022-09-10T23:03:05.651099Z","level":"INFO","message":"Key presence check completed succesfully"}
{"timestamp":"2022-09-10T23:04:31.553504Z","level":"DEBUG","message":"[dummyID] key presence check for multisig always return Present"}
{"timestamp":"2022-09-10T23:04:31.553607Z","level":"INFO","message":"Key presence check completed succesfully"}
{"timestamp":"2022-09-10T23:06:36.925726Z","level":"DEBUG","message":"[dummyID] key presence check for multisig always return Present"}
{"timestamp":"2022-09-10T23:06:36.925794Z","level":"INFO","message":"Key presence check completed succesfully"}
{"timestamp":"2022-09-10T23:08:53.483813Z","level":"DEBUG","message":"[dummyID] key presence check for multisig always return Present"}
{"timestamp":"2022-09-10T23:08:53.483876Z","level":"INFO","message":"Key presence check completed succesfully"}
{"timestamp":"2022-09-10T23:10:41.032695Z","level":"DEBUG","message":"[dummyID] key presence check for multisig always return Present"}
{"timestamp":"2022-09-10T23:10:41.032758Z","level":"INFO","message":"Key presence check completed succesfully"}
{"timestamp":"2022-09-10T23:12:35.259887Z","level":"DEBUG","message":"[dummyID] key presence check for multisig always return Present"}
{"timestamp":"2022-09-10T23:12:35.259956Z","level":"INFO","message":"Key presence check completed succesfully"}
{"timestamp":"2022-09-10T23:14:20.067424Z","level":"DEBUG","message":"[dummyID] key presence check for multisig always return Present"}
{"timestamp":"2022-09-10T23:14:20.067464Z","level":"INFO","message":"Key presence check completed succesfully"}
{"timestamp":"2022-09-10T23:15:43.938520Z","level":"DEBUG","message":"[dummyID] key presence check for multisig always return Present"}
{"timestamp":"2022-09-10T23:15:43.938567Z","level":"INFO","message":"Key presence check completed succesfully"}
{"timestamp":"2022-09-10T23:17:06.282195Z","level":"DEBUG","message":"[dummyID] key presence check for multisig always return Present"}
{"timestamp":"2022-09-10T23:17:06.282244Z","level":"INFO","message":"Key presence check completed succesfully"}
{"timestamp":"2022-09-10T23:18:46.702118Z","level":"DEBUG","message":"[dummyID] key presence check for multisig always return Present"}
{"timestamp":"2022-09-10T23:18:46.702216Z","level":"INFO","message":"Key presence check completed succesfully"}
{"timestamp":"2022-09-10T23:20:10.206679Z","level":"DEBUG","message":"[dummyID] key presence check for multisig always return Present"}
{"timestamp":"2022-09-10T23:20:10.206736Z","level":"INFO","message":"Key presence check completed succesfully"}
{"timestamp":"2022-09-10T23:21:36.622299Z","level":"DEBUG","message":"[dummyID] key presence check for multisig always return Present"}
{"timestamp":"2022-09-10T23:21:36.622382Z","level":"INFO","message":"Key presence check completed succesfully"}
{"timestamp":"2022-09-10T23:22:59.249764Z","level":"DEBUG","message":"[dummyID] key presence check for multisig always return Present"}
{"timestamp":"2022-09-10T23:22:59.249864Z","level":"INFO","message":"Key presence check completed succesfully"}
{"timestamp":"2022-09-10T23:24:23.516826Z","level":"DEBUG","message":"[dummyID] key presence check for multisig always return Present"}
{"timestamp":"2022-09-10T23:24:23.516882Z","level":"INFO","message":"Key presence check completed succesfully"}
{"timestamp":"2022-09-10T23:25:46.209682Z","level":"DEBUG","message":"[dummyID] key presence check for multisig always return Present"}
{"timestamp":"2022-09-10T23:25:46.209753Z","level":"INFO","message":"Key presence check completed succesfully"}
{"timestamp":"2022-09-10T23:27:14.253476Z","level":"DEBUG","message":"[dummyID] key presence check for multisig always return Present"}
{"timestamp":"2022-09-10T23:27:14.253542Z","level":"INFO","message":"Key presence check completed succesfully"}
{"timestamp":"2022-09-10T23:28:39.207283Z","level":"DEBUG","message":"[dummyID] key presence check for multisig always return Present"}
{"timestamp":"2022-09-10T23:28:39.207420Z","level":"INFO","message":"Key presence check completed succesfully"}
{"timestamp":"2022-09-10T23:30:17.233418Z","level":"DEBUG","message":"[dummyID] key presence check for multisig always return Present"}
{"timestamp":"2022-09-10T23:30:17.233463Z","level":"INFO","message":"Key presence check completed succesfully"}
{"timestamp":"2022-09-10T23:31:40.195340Z","level":"DEBUG","message":"[dummyID] key presence check for multisig always return Present"}
{"timestamp":"2022-09-10T23:31:40.195382Z","level":"INFO","message":"Key presence check completed succesfully"}
{"timestamp":"2022-09-10T23:33:04.875765Z","level":"DEBUG","message":"[dummyID] key presence check for multisig always return Present"}
{"timestamp":"2022-09-10T23:33:04.875810Z","level":"INFO","message":"Key presence check completed succesfully"}
{"timestamp":"2022-09-10T23:34:49.289284Z","level":"DEBUG","message":"[dummyID] key presence check for multisig always return Present"}
{"timestamp":"2022-09-10T23:34:49.289372Z","level":"INFO","message":"Key presence check completed succesfully"}
{"timestamp":"2022-09-10T23:36:12.147509Z","level":"DEBUG","message":"[dummyID] key presence check for multisig always return Present"}
{"timestamp":"2022-09-10T23:36:12.147587Z","level":"INFO","message":"Key presence check completed succesfully"}
{"timestamp":"2022-09-10T23:37:44.575642Z","level":"DEBUG","message":"[dummyID] key presence check for multisig always return Present"}
{"timestamp":"2022-09-10T23:37:44.575690Z","level":"INFO","message":"Key presence check completed succesfully"}
{"timestamp":"2022-09-10T23:39:09.583859Z","level":"DEBUG","message":"[dummyID] key presence check for multisig always return Present"}
{"timestamp":"2022-09-10T23:39:09.583911Z","level":"INFO","message":"Key presence check completed succesfully"}
{"timestamp":"2022-09-10T23:40:36.463908Z","level":"DEBUG","message":"[dummyID] key presence check for multisig always return Present"}
{"timestamp":"2022-09-10T23:40:36.463934Z","level":"INFO","message":"Key presence check completed succesfully"}
{"timestamp":"2022-09-10T23:41:59.173879Z","level":"DEBUG","message":"[dummyID] key presence check for multisig always return Present"}
{"timestamp":"2022-09-10T23:41:59.174001Z","level":"INFO","message":"Key presence check completed succesfully"}
{"timestamp":"2022-09-10T23:43:24.441911Z","level":"DEBUG","message":"[dummyID] key presence check for multisig always return Present"}
{"timestamp":"2022-09-10T23:43:24.442044Z","level":"INFO","message":"Key presence check completed succesfully"}
{"timestamp":"2022-09-10T23:44:47.370720Z","level":"DEBUG","message":"[dummyID] key presence check for multisig always return Present"}
{"timestamp":"2022-09-10T23:44:47.370793Z","level":"INFO","message":"Key presence check completed succesfully"}
{"timestamp":"2022-09-10T23:46:10.593915Z","level":"DEBUG","message":"[dummyID] key presence check for multisig always return Present"}
{"timestamp":"2022-09-10T23:46:10.593959Z","level":"INFO","message":"Key presence check completed succesfully"}
{"timestamp":"2022-09-10T23:47:36.066889Z","level":"DEBUG","message":"[dummyID] key presence check for multisig always return Present"}
{"timestamp":"2022-09-10T23:47:36.066946Z","level":"INFO","message":"Key presence check completed succesfully"}
{"timestamp":"2022-09-10T23:48:59.096582Z","level":"DEBUG","message":"[dummyID] key presence check for multisig always return Present"}
{"timestamp":"2022-09-10T23:48:59.096642Z","level":"INFO","message":"Key presence check completed succesfully"}
{"timestamp":"2022-09-10T23:50:24.455161Z","level":"DEBUG","message":"[dummyID] key presence check for multisig always return Present"}
{"timestamp":"2022-09-10T23:50:24.455243Z","level":"INFO","message":"Key presence check completed succesfully"}
{"timestamp":"2022-09-10T23:52:22.947804Z","level":"DEBUG","message":"[dummyID] key presence check for multisig always return Present"}
{"timestamp":"2022-09-10T23:52:22.947897Z","level":"INFO","message":"Key presence check completed succesfully"}
{"timestamp":"2022-09-10T23:53:49.775676Z","level":"DEBUG","message":"[dummyID] key presence check for multisig always return Present"}
{"timestamp":"2022-09-10T23:53:49.775713Z","level":"INFO","message":"Key presence check completed succesfully"}
{"timestamp":"2022-09-10T23:55:12.659966Z","level":"DEBUG","message":"[dummyID] key presence check for multisig always return Present"}
{"timestamp":"2022-09-10T23:55:12.660028Z","level":"INFO","message":"Key presence check completed succesfully"}
{"timestamp":"2022-09-10T23:56:38.701918Z","level":"DEBUG","message":"[dummyID] key presence check for multisig always return Present"}
{"timestamp":"2022-09-10T23:56:38.701975Z","level":"INFO","message":"Key presence check completed succesfully"}
{"timestamp":"2022-09-10T23:58:06.088214Z","level":"DEBUG","message":"[dummyID] key presence check for multisig always return Present"}
{"timestamp":"2022-09-10T23:58:06.088260Z","level":"INFO","message":"Key presence check completed succesfully"}
{"timestamp":"2022-09-10T23:59:29.120976Z","level":"DEBUG","message":"[dummyID] key presence check for multisig always return Present"}
{"timestamp":"2022-09-10T23:59:29.121011Z","level":"INFO","message":"Key presence check completed succesfully"}
{"timestamp":"2022-09-11T00:00:50.771124Z","level":"DEBUG","message":"[dummyID] key presence check for multisig always return Present"}
{"timestamp":"2022-09-11T00:00:50.817582Z","level":"INFO","message":"Key presence check completed succesfully"}
{"timestamp":"2022-09-11T00:02:12.371077Z","level":"DEBUG","message":"[dummyID] key presence check for multisig always return Present"}
{"timestamp":"2022-09-11T00:02:12.371122Z","level":"INFO","message":"Key presence check completed succesfully"}
{"timestamp":"2022-09-11T00:03:34.789552Z","level":"DEBUG","message":"[dummyID] key presence check for multisig always return Present"}
{"timestamp":"2022-09-11T00:03:34.789605Z","level":"INFO","message":"Key presence check completed succesfully"}
{"timestamp":"2022-09-11T00:04:57.793243Z","level":"DEBUG","message":"[dummyID] key presence check for multisig always return Present"}
{"timestamp":"2022-09-11T00:04:57.793288Z","level":"INFO","message":"Key presence check completed succesfully"}
{"timestamp":"2022-09-11T00:06:21.839061Z","level":"DEBUG","message":"[dummyID] key presence check for multisig always return Present"}
{"timestamp":"2022-09-11T00:06:21.839098Z","level":"INFO","message":"Key presence check completed succesfully"}
{"timestamp":"2022-09-11T00:07:43.823675Z","level":"DEBUG","message":"[dummyID] key presence check for multisig always return Present"}
{"timestamp":"2022-09-11T00:07:43.823737Z","level":"INFO","message":"Key presence check completed succesfully"}
{"timestamp":"2022-09-11T00:09:09.877863Z","level":"DEBUG","message":"[dummyID] key presence check for multisig always return Present"}
{"timestamp":"2022-09-11T00:09:09.877908Z","level":"INFO","message":"Key presence check completed succesfully"}
{"timestamp":"2022-09-11T00:10:32.480137Z","level":"DEBUG","message":"[dummyID] key presence check for multisig always return Present"}
{"timestamp":"2022-09-11T00:10:32.480192Z","level":"INFO","message":"Key presence check completed succesfully"}
{"timestamp":"2022-09-11T00:11:54.356411Z","level":"DEBUG","message":"[dummyID] key presence check for multisig always return Present"}
{"timestamp":"2022-09-11T00:11:54.356560Z","level":"INFO","message":"Key presence check completed succesfully"}
{"timestamp":"2022-09-11T00:13:16.038986Z","level":"DEBUG","message":"[dummyID] key presence check for multisig always return Present"}
{"timestamp":"2022-09-11T00:13:16.039035Z","level":"INFO","message":"Key presence check completed succesfully"}
{"timestamp":"2022-09-11T00:14:39.479481Z","level":"DEBUG","message":"[dummyID] key presence check for multisig always return Present"}
{"timestamp":"2022-09-11T00:14:39.479542Z","level":"INFO","message":"Key presence check completed succesfully"}
{"timestamp":"2022-09-11T00:16:03.575197Z","level":"DEBUG","message":"[dummyID] key presence check for multisig always return Present"}
{"timestamp":"2022-09-11T00:16:03.575232Z","level":"INFO","message":"Key presence check completed succesfully"}
{"timestamp":"2022-09-11T00:17:28.393598Z","level":"DEBUG","message":"[dummyID] key presence check for multisig always return Present"}
{"timestamp":"2022-09-11T00:17:28.393647Z","level":"INFO","message":"Key presence check completed succesfully"}
{"timestamp":"2022-09-11T00:18:53.179030Z","level":"DEBUG","message":"[dummyID] key presence check for multisig always return Present"}
{"timestamp":"2022-09-11T00:18:53.179076Z","level":"INFO","message":"Key presence check completed succesfully"}
{"timestamp":"2022-09-11T00:20:16.857989Z","level":"DEBUG","message":"[dummyID] key presence check for multisig always return Present"}
{"timestamp":"2022-09-11T00:20:16.858046Z","level":"INFO","message":"Key presence check completed succesfully"}
{"timestamp":"2022-09-11T00:21:38.363171Z","level":"DEBUG","message":"[dummyID] key presence check for multisig always return Present"}
{"timestamp":"2022-09-11T00:21:38.363218Z","level":"INFO","message":"Key presence check completed succesfully"}
{"timestamp":"2022-09-11T00:23:00.242113Z","level":"DEBUG","message":"[dummyID] key presence check for multisig always return Present"}
{"timestamp":"2022-09-11T00:23:00.242168Z","level":"INFO","message":"Key presence check completed succesfully"}
{"timestamp":"2022-09-11T00:24:47.932022Z","level":"DEBUG","message":"[dummyID] key presence check for multisig always return Present"}
{"timestamp":"2022-09-11T00:24:47.932081Z","level":"INFO","message":"Key presence check completed succesfully"}
{"timestamp":"2022-09-11T00:26:29.090050Z","level":"DEBUG","message":"[dummyID] key presence check for multisig always return Present"}
{"timestamp":"2022-09-11T00:26:29.090092Z","level":"INFO","message":"Key presence check completed succesfully"}
{"timestamp":"2022-09-11T00:27:50.787283Z","level":"DEBUG","message":"[dummyID] key presence check for multisig always return Present"}
{"timestamp":"2022-09-11T00:27:50.787347Z","level":"INFO","message":"Key presence check completed succesfully"}
{"timestamp":"2022-09-11T00:29:15.344909Z","level":"DEBUG","message":"[dummyID] key presence check for multisig always return Present"}
{"timestamp":"2022-09-11T00:29:15.344957Z","level":"INFO","message":"Key presence check completed succesfully"}
{"timestamp":"2022-09-11T00:30:38.277050Z","level":"DEBUG","message":"[dummyID] key presence check for multisig always return Present"}
{"timestamp":"2022-09-11T00:30:38.277105Z","level":"INFO","message":"Key presence check completed succesfully"}
{"timestamp":"2022-09-11T00:32:00.677924Z","level":"DEBUG","message":"[dummyID] key presence check for multisig always return Present"}
{"timestamp":"2022-09-11T00:32:00.677984Z","level":"INFO","message":"Key presence check completed succesfully"}
{"timestamp":"2022-09-11T00:33:25.493033Z","level":"DEBUG","message":"[dummyID] key presence check for multisig always return Present"}
{"timestamp":"2022-09-11T00:33:25.493078Z","level":"INFO","message":"Key presence check completed succesfully"}
{"timestamp":"2022-09-11T00:34:47.934472Z","level":"DEBUG","message":"[dummyID] key presence check for multisig always return Present"}
{"timestamp":"2022-09-11T00:34:47.934549Z","level":"INFO","message":"Key presence check completed succesfully"}
{"timestamp":"2022-09-11T00:36:15.320952Z","level":"DEBUG","message":"[dummyID] key presence check for multisig always return Present"}
{"timestamp":"2022-09-11T00:36:15.321011Z","level":"INFO","message":"Key presence check completed succesfully"}
{"timestamp":"2022-09-11T00:37:40.120832Z","level":"DEBUG","message":"[dummyID] key presence check for multisig always return Present"}
{"timestamp":"2022-09-11T00:37:40.120895Z","level":"INFO","message":"Key presence check completed succesfully"}
{"timestamp":"2022-09-11T00:39:02.078646Z","level":"DEBUG","message":"[dummyID] key presence check for multisig always return Present"}
{"timestamp":"2022-09-11T00:39:02.078711Z","level":"INFO","message":"Key presence check completed succesfully"}
{"timestamp":"2022-09-11T00:40:24.412164Z","level":"DEBUG","message":"[dummyID] key presence check for multisig always return Present"}
{"timestamp":"2022-09-11T00:40:24.412234Z","level":"INFO","message":"Key presence check completed succesfully"}
{"timestamp":"2022-09-11T00:41:47.115482Z","level":"DEBUG","message":"[dummyID] key presence check for multisig always return Present"}
{"timestamp":"2022-09-11T00:41:47.115568Z","level":"INFO","message":"Key presence check completed succesfully"}
{"timestamp":"2022-09-11T00:43:09.278550Z","level":"DEBUG","message":"[dummyID] key presence check for multisig always return Present"}
{"timestamp":"2022-09-11T00:43:09.278595Z","level":"INFO","message":"Key presence check completed succesfully"}
{"timestamp":"2022-09-11T00:44:31.727732Z","level":"DEBUG","message":"[dummyID] key presence check for multisig always return Present"}
{"timestamp":"2022-09-11T00:44:31.727766Z","level":"INFO","message":"Key presence check completed succesfully"}
{"timestamp":"2022-09-11T00:45:55.622084Z","level":"DEBUG","message":"[dummyID] key presence check for multisig always return Present"}
{"timestamp":"2022-09-11T00:45:55.622147Z","level":"INFO","message":"Key presence check completed succesfully"}
{"timestamp":"2022-09-11T00:47:20.404824Z","level":"DEBUG","message":"[dummyID] key presence check for multisig always return Present"}
{"timestamp":"2022-09-11T00:47:20.404875Z","level":"INFO","message":"Key presence check completed succesfully"}
{"timestamp":"2022-09-11T00:48:43.749759Z","level":"DEBUG","message":"[dummyID] key presence check for multisig always return Present"}
{"timestamp":"2022-09-11T00:48:43.749803Z","level":"INFO","message":"Key presence check completed succesfully"}
{"timestamp":"2022-09-11T00:50:09.313680Z","level":"DEBUG","message":"[dummyID] key presence check for multisig always return Present"}
{"timestamp":"2022-09-11T00:50:09.313746Z","level":"INFO","message":"Key presence check completed succesfully"}
